C:\Users\ovidiu.podina\Desktop\Indeco\GisMap\SrvGisKoa\db\types.js
C:\Users\ovidiu.podina\Desktop\Indeco\GisMap\SrvGisKoa\db\types.js.map
C:\Users\ovidiu.podina\Desktop\Indeco\GisMap\SrvGisKoa\queries\admin.q.js
C:\Users\ovidiu.podina\Desktop\Indeco\GisMap\SrvGisKoa\queries\admin.q.js.map
C:\Users\ovidiu.podina\Desktop\Indeco\GisMap\SrvGisKoa\admin\jwt.js
C:\Users\ovidiu.podina\Desktop\Indeco\GisMap\SrvGisKoa\admin\jwt.js.map
C:\Users\ovidiu.podina\Desktop\Indeco\GisMap\SrvGisKoa\config.js
C:\Users\ovidiu.podina\Desktop\Indeco\GisMap\SrvGisKoa\config.js.map
C:\Users\ovidiu.podina\Desktop\Indeco\GisMap\SrvGisKoa\db\db.js
C:\Users\ovidiu.podina\Desktop\Indeco\GisMap\SrvGisKoa\db\db.js.map
C:\Users\ovidiu.podina\Desktop\Indeco\GisMap\SrvGisKoa\queries\data.q.js
C:\Users\ovidiu.podina\Desktop\Indeco\GisMap\SrvGisKoa\queries\data.q.js.map
C:\Users\ovidiu.podina\Desktop\Indeco\GisMap\SrvGisKoa\admin\userAuth.js
C:\Users\ovidiu.podina\Desktop\Indeco\GisMap\SrvGisKoa\admin\userAuth.js.map
C:\Users\ovidiu.podina\Desktop\Indeco\GisMap\SrvGisKoa\admin\localLogin.js
C:\Users\ovidiu.podina\Desktop\Indeco\GisMap\SrvGisKoa\admin\localLogin.js.map
C:\Users\ovidiu.podina\Desktop\Indeco\GisMap\SrvGisKoa\admin\localRegister.js
C:\Users\ovidiu.podina\Desktop\Indeco\GisMap\SrvGisKoa\admin\localRegister.js.map
C:\Users\ovidiu.podina\Desktop\Indeco\GisMap\SrvGisKoa\admin\localClientLogin.js
C:\Users\ovidiu.podina\Desktop\Indeco\GisMap\SrvGisKoa\admin\localClientLogin.js.map
C:\Users\ovidiu.podina\Desktop\Indeco\GisMap\SrvGisKoa\admin\localClientRegister.js
C:\Users\ovidiu.podina\Desktop\Indeco\GisMap\SrvGisKoa\admin\localClientRegister.js.map
C:\Users\ovidiu.podina\Desktop\Indeco\GisMap\SrvGisKoa\admin\passport-config.js
C:\Users\ovidiu.podina\Desktop\Indeco\GisMap\SrvGisKoa\admin\passport-config.js.map
C:\Users\ovidiu.podina\Desktop\Indeco\GisMap\SrvGisKoa\admin\addSendToken.js
C:\Users\ovidiu.podina\Desktop\Indeco\GisMap\SrvGisKoa\admin\addSendToken.js.map
C:\Users\ovidiu.podina\Desktop\Indeco\GisMap\SrvGisKoa\admin\isAuthenticated.js
C:\Users\ovidiu.podina\Desktop\Indeco\GisMap\SrvGisKoa\admin\isAuthenticated.js.map
C:\Users\ovidiu.podina\Desktop\Indeco\GisMap\SrvGisKoa\admin\isAuthorized.js
C:\Users\ovidiu.podina\Desktop\Indeco\GisMap\SrvGisKoa\admin\isAuthorized.js.map
C:\Users\ovidiu.podina\Desktop\Indeco\GisMap\SrvGisKoa\routes\admin.js
C:\Users\ovidiu.podina\Desktop\Indeco\GisMap\SrvGisKoa\routes\admin.js.map
C:\Users\ovidiu.podina\Desktop\Indeco\GisMap\SrvGisKoa\queries\devices.q.js
C:\Users\ovidiu.podina\Desktop\Indeco\GisMap\SrvGisKoa\queries\devices.q.js.map
C:\Users\ovidiu.podina\Desktop\Indeco\GisMap\SrvGisKoa\routes\devices.js
C:\Users\ovidiu.podina\Desktop\Indeco\GisMap\SrvGisKoa\routes\devices.js.map
C:\Users\ovidiu.podina\Desktop\Indeco\GisMap\SrvGisKoa\queries\geoserverApi.q.js
C:\Users\ovidiu.podina\Desktop\Indeco\GisMap\SrvGisKoa\queries\geoserverApi.q.js.map
C:\Users\ovidiu.podina\Desktop\Indeco\GisMap\SrvGisKoa\routes\geoserverApi.js
C:\Users\ovidiu.podina\Desktop\Indeco\GisMap\SrvGisKoa\routes\geoserverApi.js.map
C:\Users\ovidiu.podina\Desktop\Indeco\GisMap\SrvGisKoa\routes\data.js
C:\Users\ovidiu.podina\Desktop\Indeco\GisMap\SrvGisKoa\routes\data.js.map
C:\Users\ovidiu.podina\Desktop\Indeco\GisMap\SrvGisKoa\queries\redirect.q.js
C:\Users\ovidiu.podina\Desktop\Indeco\GisMap\SrvGisKoa\queries\redirect.q.js.map
C:\Users\ovidiu.podina\Desktop\Indeco\GisMap\SrvGisKoa\routes\redirect.js
C:\Users\ovidiu.podina\Desktop\Indeco\GisMap\SrvGisKoa\routes\redirect.js.map
C:\Users\ovidiu.podina\Desktop\Indeco\GisMap\SrvGisKoa\queries\locatieAdresa.q.js
C:\Users\ovidiu.podina\Desktop\Indeco\GisMap\SrvGisKoa\queries\locatieAdresa.q.js.map
C:\Users\ovidiu.podina\Desktop\Indeco\GisMap\SrvGisKoa\routes\locatieAdresa.js
C:\Users\ovidiu.podina\Desktop\Indeco\GisMap\SrvGisKoa\routes\locatieAdresa.js.map
C:\Users\ovidiu.podina\Desktop\Indeco\GisMap\SrvGisKoa\queries\metadata.q.js
C:\Users\ovidiu.podina\Desktop\Indeco\GisMap\SrvGisKoa\queries\metadata.q.js.map
C:\Users\ovidiu.podina\Desktop\Indeco\GisMap\SrvGisKoa\routes\metadata.js
C:\Users\ovidiu.podina\Desktop\Indeco\GisMap\SrvGisKoa\routes\metadata.js.map
C:\Users\ovidiu.podina\Desktop\Indeco\GisMap\SrvGisKoa\queries\asistentaSociala.q.js
C:\Users\ovidiu.podina\Desktop\Indeco\GisMap\SrvGisKoa\queries\asistentaSociala.q.js.map
C:\Users\ovidiu.podina\Desktop\Indeco\GisMap\SrvGisKoa\routes\asistentaSociala.js
C:\Users\ovidiu.podina\Desktop\Indeco\GisMap\SrvGisKoa\routes\asistentaSociala.js.map
C:\Users\ovidiu.podina\Desktop\Indeco\GisMap\SrvGisKoa\queries\syncMTables.q.js
C:\Users\ovidiu.podina\Desktop\Indeco\GisMap\SrvGisKoa\queries\syncMTables.q.js.map
C:\Users\ovidiu.podina\Desktop\Indeco\GisMap\SrvGisKoa\db\dbRemote-syncMTable.js
C:\Users\ovidiu.podina\Desktop\Indeco\GisMap\SrvGisKoa\db\dbRemote-syncMTable.js.map
C:\Users\ovidiu.podina\Desktop\Indeco\GisMap\SrvGisKoa\services\syncMTablesTask.js
C:\Users\ovidiu.podina\Desktop\Indeco\GisMap\SrvGisKoa\services\syncMTablesTask.js.map
C:\Users\ovidiu.podina\Desktop\Indeco\GisMap\SrvGisKoa\routes\syncMTables.js
C:\Users\ovidiu.podina\Desktop\Indeco\GisMap\SrvGisKoa\routes\syncMTables.js.map
C:\Users\ovidiu.podina\Desktop\Indeco\GisMap\SrvGisKoa\queries\urbanism.q.js
C:\Users\ovidiu.podina\Desktop\Indeco\GisMap\SrvGisKoa\queries\urbanism.q.js.map
C:\Users\ovidiu.podina\Desktop\Indeco\GisMap\SrvGisKoa\routes\urbanism.js
C:\Users\ovidiu.podina\Desktop\Indeco\GisMap\SrvGisKoa\routes\urbanism.js.map
C:\Users\ovidiu.podina\Desktop\Indeco\GisMap\SrvGisKoa\queries\transport.q.js
C:\Users\ovidiu.podina\Desktop\Indeco\GisMap\SrvGisKoa\queries\transport.q.js.map
C:\Users\ovidiu.podina\Desktop\Indeco\GisMap\SrvGisKoa\services\generateDayRoutes.js
C:\Users\ovidiu.podina\Desktop\Indeco\GisMap\SrvGisKoa\services\generateDayRoutes.js.map
C:\Users\ovidiu.podina\Desktop\Indeco\GisMap\SrvGisKoa\routes\transport.js
C:\Users\ovidiu.podina\Desktop\Indeco\GisMap\SrvGisKoa\routes\transport.js.map
C:\Users\ovidiu.podina\Desktop\Indeco\GisMap\SrvGisKoa\queries\impozite.q.js
C:\Users\ovidiu.podina\Desktop\Indeco\GisMap\SrvGisKoa\queries\impozite.q.js.map
C:\Users\ovidiu.podina\Desktop\Indeco\GisMap\SrvGisKoa\routes\impozite.js
C:\Users\ovidiu.podina\Desktop\Indeco\GisMap\SrvGisKoa\routes\impozite.js.map
C:\Users\ovidiu.podina\Desktop\Indeco\GisMap\SrvGisKoa\queries\spire.q.js
C:\Users\ovidiu.podina\Desktop\Indeco\GisMap\SrvGisKoa\queries\spire.q.js.map
C:\Users\ovidiu.podina\Desktop\Indeco\GisMap\SrvGisKoa\routes\spire.js
C:\Users\ovidiu.podina\Desktop\Indeco\GisMap\SrvGisKoa\routes\spire.js.map
C:\Users\ovidiu.podina\Desktop\Indeco\GisMap\SrvGisKoa\queries\parcariOradea.q.js
C:\Users\ovidiu.podina\Desktop\Indeco\GisMap\SrvGisKoa\queries\parcariOradea.q.js.map
C:\Users\ovidiu.podina\Desktop\Indeco\GisMap\SrvGisKoa\routes\parcariOradea.js
C:\Users\ovidiu.podina\Desktop\Indeco\GisMap\SrvGisKoa\routes\parcariOradea.js.map
C:\Users\ovidiu.podina\Desktop\Indeco\GisMap\SrvGisKoa\routes\index.js
C:\Users\ovidiu.podina\Desktop\Indeco\GisMap\SrvGisKoa\routes\index.js.map
C:\Users\ovidiu.podina\Desktop\Indeco\GisMap\SrvGisKoa\services\syncMTablesScheduler.js
C:\Users\ovidiu.podina\Desktop\Indeco\GisMap\SrvGisKoa\services\syncMTablesScheduler.js.map
C:\Users\ovidiu.podina\Desktop\Indeco\GisMap\SrvGisKoa\services\services.js
C:\Users\ovidiu.podina\Desktop\Indeco\GisMap\SrvGisKoa\services\services.js.map
C:\Users\ovidiu.podina\Desktop\Indeco\GisMap\SrvGisKoa\app.js
C:\Users\ovidiu.podina\Desktop\Indeco\GisMap\SrvGisKoa\app.js.map
C:\Users\ovidiu.podina\Desktop\Indeco\GisMap\SrvGisKoa\queries\config.js
C:\Users\ovidiu.podina\Desktop\Indeco\GisMap\SrvGisKoa\queries\config.js.map
