C:\Indeco\VisualStudio\FamiliaWebSocket\FamiliaWebSocket\FamiliaWebSocket\App\config.js
C:\Indeco\VisualStudio\FamiliaWebSocket\FamiliaWebSocket\FamiliaWebSocket\App\config.js.map
C:\Indeco\VisualStudio\FamiliaWebSocket\FamiliaWebSocket\FamiliaWebSocket\App\Crypter.js
C:\Indeco\VisualStudio\FamiliaWebSocket\FamiliaWebSocket\FamiliaWebSocket\App\Crypter.js.map
C:\Indeco\VisualStudio\FamiliaWebSocket\FamiliaWebSocket\FamiliaWebSocket\App\Token.js
C:\Indeco\VisualStudio\FamiliaWebSocket\FamiliaWebSocket\FamiliaWebSocket\App\Token.js.map
C:\Indeco\VisualStudio\FamiliaWebSocket\FamiliaWebSocket\FamiliaWebSocket\App\Db\types.js
C:\Indeco\VisualStudio\FamiliaWebSocket\FamiliaWebSocket\FamiliaWebSocket\App\Db\types.js.map
C:\Indeco\VisualStudio\FamiliaWebSocket\FamiliaWebSocket\FamiliaWebSocket\App\Db\db.js
C:\Indeco\VisualStudio\FamiliaWebSocket\FamiliaWebSocket\FamiliaWebSocket\App\Db\db.js.map
C:\Indeco\VisualStudio\FamiliaWebSocket\FamiliaWebSocket\FamiliaWebSocket\App\VerifyImei.js
C:\Indeco\VisualStudio\FamiliaWebSocket\FamiliaWebSocket\FamiliaWebSocket\App\VerifyImei.js.map
C:\Indeco\VisualStudio\FamiliaWebSocket\FamiliaWebSocket\FamiliaWebSocket\App\Secure.js
C:\Indeco\VisualStudio\FamiliaWebSocket\FamiliaWebSocket\FamiliaWebSocket\App\Secure.js.map
C:\Indeco\VisualStudio\FamiliaWebSocket\FamiliaWebSocket\FamiliaWebSocket\App\Socket\SocketHandlers.js
C:\Indeco\VisualStudio\FamiliaWebSocket\FamiliaWebSocket\FamiliaWebSocket\App\Socket\SocketHandlers.js.map
C:\Indeco\VisualStudio\FamiliaWebSocket\FamiliaWebSocket\FamiliaWebSocket\App\Socket\Socket.js
C:\Indeco\VisualStudio\FamiliaWebSocket\FamiliaWebSocket\FamiliaWebSocket\App\Socket\Socket.js.map
C:\Indeco\VisualStudio\FamiliaWebSocket\FamiliaWebSocket\FamiliaWebSocket\App\Routes\RoutesModel.js
C:\Indeco\VisualStudio\FamiliaWebSocket\FamiliaWebSocket\FamiliaWebSocket\App\Routes\RoutesModel.js.map
C:\Indeco\VisualStudio\FamiliaWebSocket\FamiliaWebSocket\FamiliaWebSocket\App\Db\queries\users.public.js
C:\Indeco\VisualStudio\FamiliaWebSocket\FamiliaWebSocket\FamiliaWebSocket\App\Db\queries\users.public.js.map
C:\Indeco\VisualStudio\FamiliaWebSocket\FamiliaWebSocket\FamiliaWebSocket\App\Interfaces\IVisit.js
C:\Indeco\VisualStudio\FamiliaWebSocket\FamiliaWebSocket\FamiliaWebSocket\App\Interfaces\IVisit.js.map
C:\Indeco\VisualStudio\FamiliaWebSocket\FamiliaWebSocket\FamiliaWebSocket\App\Routes\RoutesHandlers.js
C:\Indeco\VisualStudio\FamiliaWebSocket\FamiliaWebSocket\FamiliaWebSocket\App\Routes\RoutesHandlers.js.map
C:\Indeco\VisualStudio\FamiliaWebSocket\FamiliaWebSocket\FamiliaWebSocket\App\Routes\Routes.js
C:\Indeco\VisualStudio\FamiliaWebSocket\FamiliaWebSocket\FamiliaWebSocket\App\Routes\Routes.js.map
C:\Indeco\VisualStudio\FamiliaWebSocket\FamiliaWebSocket\FamiliaWebSocket\App\App.js
C:\Indeco\VisualStudio\FamiliaWebSocket\FamiliaWebSocket\FamiliaWebSocket\App\App.js.map
C:\Indeco\VisualStudio\FamiliaWebSocket\FamiliaWebSocket\FamiliaWebSocket\server.js
C:\Indeco\VisualStudio\FamiliaWebSocket\FamiliaWebSocket\FamiliaWebSocket\server.js.map
C:\Indeco\VisualStudio\FamiliaWebSocket\FamiliaWebSocket\FamiliaWebSocket\App\Interfaces\IDeviceType.js
C:\Indeco\VisualStudio\FamiliaWebSocket\FamiliaWebSocket\FamiliaWebSocket\App\Interfaces\IDeviceType.js.map
C:\Indeco\VisualStudio\FamiliaWebSocket\FamiliaWebSocket\FamiliaWebSocket\App\Interfaces\IMailOption.js
C:\Indeco\VisualStudio\FamiliaWebSocket\FamiliaWebSocket\FamiliaWebSocket\App\Interfaces\IMailOption.js.map
C:\Indeco\VisualStudio\FamiliaWebSocket\FamiliaWebSocket\FamiliaWebSocket\App\Interfaces\ISocketError.js
C:\Indeco\VisualStudio\FamiliaWebSocket\FamiliaWebSocket\FamiliaWebSocket\App\Interfaces\ISocketError.js.map
C:\Indeco\VisualStudio\FamiliaWebSocket\FamiliaWebSocket\FamiliaWebSocket\App\Interfaces\ITransporter.js
C:\Indeco\VisualStudio\FamiliaWebSocket\FamiliaWebSocket\FamiliaWebSocket\App\Interfaces\ITransporter.js.map
C:\Indeco\VisualStudio\FamiliaWebSocket\FamiliaWebSocket\FamiliaWebSocket\App\Interfaces\IUser.js
C:\Indeco\VisualStudio\FamiliaWebSocket\FamiliaWebSocket\FamiliaWebSocket\App\Interfaces\IUser.js.map
